{"message":"Hello again distributed logs","level":"info"}
{"level":"info","message":"What time is the testing at?"}
{"level":"info","message":"What time is the testing at?"}
{"level":"info","message":"data :","data":{"email":"test121@gmail.com","password":"paswsseord"},"timestamp":"2019-10-22T07:02:54.140Z"}
{"level":"info","message":"data :","data":{"email":"test121@gmail.com","password":"paswsseord"},"timestamp":"2019-10-22T07:02:54.630Z"}
{"level":"info","message":["request",{"email":"test121@gmail.com","password":"paswsseord"}],"timestamp":"2019-10-22T07:12:27.334Z"}
{"level":"info","message":["request",{"email":"1test121@gmail.com","password":"paswsseord"}],"timestamp":"2019-10-22T07:15:21.049Z"}
{"level":"info","message":["request",{"email":"1test121@gmail.com","password":"paswsseord"}],"timestamp":"2019-10-22T07:15:21.215Z"}
{"level":"info","message":["request",{"email":"1test121@gmail.com","password":"paswsseord"}],"timestamp":"2019-10-22T07:15:23.211Z"}
{"level":"info","message":["request",{"email":"1tes21@gmail.com","password":"paswsseord"}],"timestamp":"2019-10-22T07:15:31.230Z"}
{"level":"info","message":["request",{"email":"1tes21@gmail.com","password":"paswsseord"}],"timestamp":"2019-10-22T07:19:04.344Z"}
{"level":"info","message":["request",{"email":"1tes21@gmail.com","password":"paswsseord"}],"timestamp":"2019-10-22T07:19:58.746Z"}
{"level":"info","message":["request",{"email":"1tes21@gmail.com","password":"paswsseord"}],"timestamp":"2019-10-22T07:21:10.329Z"}
{"level":"info","message":["request",{"email":"1tes21@gmail.com","password":"paswsseord"}],"timestamp":"2019-10-23T05:01:27.750Z"}
{"level":"info","message":["request",{"email":"tes21@gmail.com","password":"paswsseord"}],"timestamp":"2019-10-23T05:01:39.995Z"}
{"level":"info","message":["request",{"email":"tes21@gmail.com","password":"paswsseord"}],"timestamp":"2019-10-23T05:01:40.857Z"}
{"level":"info","message":["request",{"email":"tes21@gmail.com","password":"paswsseord"}],"timestamp":"2019-10-23T05:01:41.721Z"}
{"level":"info","message":["request",{"email":"tes@gmail.com","password":"paswsseord"}],"timestamp":"2019-10-23T05:01:49.051Z"}
{"level":"info","message":["request",{"email":"tes@gmail.com","password":"paswsseord"}],"timestamp":"2019-10-23T05:01:50.026Z"}
{"level":"info","message":["post",{"name":"name","email":"121test121@gmail.com","password":"paswsseord","address":{"pincode":"1231","city":"bangalore"}}],"timestamp":"2019-10-23T05:02:09.253Z"}
{"level":"info","message":["request",{"email":"121test121@gmail.com","password":"paswsseord"}],"timestamp":"2019-10-23T05:02:41.242Z"}
